- Session info ---------------------------------------------------------------
 setting  value                       
 version  R version 4.0.2 (2020-06-22)
 os       Windows 10 x64              
 system   x86_64, mingw32             
 ui       RStudio                     
 language (EN)                        
 collate  English_New Zealand.1252    
 ctype    English_New Zealand.1252    
 tz       Pacific/Auckland            
 date     2020-07-16                  

- Packages -------------------------------------------------------------------
 package      * version  date       lib source        
 assertthat     0.2.1    2019-03-21 [1] CRAN (R 4.0.0)
 cli            2.0.2    2020-02-28 [1] CRAN (R 4.0.0)
 colorspace     1.4-1    2019-03-18 [1] CRAN (R 4.0.0)
 crayon         1.3.4    2017-09-16 [1] CRAN (R 4.0.0)
 digest         0.6.25   2020-02-23 [1] CRAN (R 4.0.0)
 dplyr        * 1.0.0    2020-05-29 [1] CRAN (R 4.0.0)
 ellipsis       0.3.1    2020-05-15 [1] CRAN (R 4.0.0)
 fansi          0.4.1    2020-01-08 [1] CRAN (R 4.0.0)
 farver         2.0.3    2020-01-16 [1] CRAN (R 4.0.0)
 generics       0.0.2    2018-11-29 [1] CRAN (R 4.0.0)
 ggforce      * 0.3.1    2019-08-20 [1] CRAN (R 4.0.0)
 ggplot2      * 3.3.2    2020-06-19 [1] CRAN (R 4.0.2)
 ggraph       * 2.0.3    2020-05-20 [1] CRAN (R 4.0.2)
 ggrepel        0.8.2    2020-03-08 [1] CRAN (R 4.0.2)
 glue           1.4.1    2020-05-13 [1] CRAN (R 4.0.0)
 graphlayouts   0.7.0    2020-04-25 [1] CRAN (R 4.0.2)
 gridExtra      2.3      2017-09-09 [1] CRAN (R 4.0.2)
 gtable         0.3.0    2019-03-25 [1] CRAN (R 4.0.0)
 hms            0.5.3    2020-01-08 [1] CRAN (R 4.0.0)
 igraph         1.2.5    2020-03-19 [1] CRAN (R 4.0.0)
 labeling       0.3      2014-08-23 [1] CRAN (R 4.0.0)
 lifecycle      0.2.0    2020-03-06 [1] CRAN (R 4.0.0)
 magrittr       1.5      2014-11-22 [1] CRAN (R 4.0.0)
 MASS           7.3-51.6 2020-04-26 [2] CRAN (R 4.0.2)
 munsell        0.5.0    2018-06-12 [1] CRAN (R 4.0.0)
 pillar         1.4.6    2020-07-10 [1] CRAN (R 4.0.0)
 pkgconfig      2.0.3    2019-09-22 [1] CRAN (R 4.0.0)
 polyclip       1.10-0   2019-03-14 [1] CRAN (R 4.0.0)
 purrr          0.3.4    2020-04-17 [1] CRAN (R 4.0.0)
 R6             2.4.1    2019-11-12 [1] CRAN (R 4.0.0)
 Rcpp           1.0.5    2020-07-06 [1] CRAN (R 4.0.2)
 readr        * 1.3.1    2018-12-21 [1] CRAN (R 4.0.0)
 rlang          0.4.6    2020-05-02 [1] CRAN (R 4.0.2)
 rstudioapi     0.11     2020-02-07 [1] CRAN (R 4.0.0)
 scales         1.1.1    2020-05-11 [1] CRAN (R 4.0.0)
 sessioninfo    1.1.1    2018-11-05 [1] CRAN (R 4.0.0)
 tibble         3.0.2    2020-07-07 [1] CRAN (R 4.0.2)
 tidygraph    * 1.2.0    2020-05-12 [1] CRAN (R 4.0.2)
 tidyr          1.1.0    2020-05-20 [1] CRAN (R 4.0.0)
 tidyselect     1.1.0    2020-05-11 [1] CRAN (R 4.0.0)
 tweenr         1.0.1    2018-12-14 [1] CRAN (R 4.0.0)
 vctrs          0.3.1    2020-06-05 [1] CRAN (R 4.0.2)
 viridis        0.5.1    2018-03-29 [1] CRAN (R 4.0.2)
 viridisLite    0.3.0    2018-02-01 [1] CRAN (R 4.0.0)
 withr          2.2.0    2020-04-20 [1] CRAN (R 4.0.0)

[1] C:/Users/Ben.Davies/Documents/R/win-library/4.0
[2] C:/Program Files/R/R-4.0.2/library
