- Session info ---------------------------------------------------------------
 setting  value                       
 version  R version 4.0.2 (2020-06-22)
 os       Windows 10 x64              
 system   x86_64, mingw32             
 ui       RStudio                     
 language (EN)                        
 collate  English_New Zealand.1252    
 ctype    English_New Zealand.1252    
 tz       Pacific/Auckland            
 date     2020-07-16                  

- Packages -------------------------------------------------------------------
 package        * version  date       lib source                            
 acepack          1.4.1    2016-10-29 [1] CRAN (R 4.0.2)                    
 AnnotationDbi    1.50.1   2020-06-29 [1] Bioconductor                      
 assertthat       0.2.1    2019-03-21 [1] CRAN (R 4.0.0)                    
 backports        1.1.7    2020-05-13 [1] CRAN (R 4.0.0)                    
 base64enc        0.1-3    2015-07-28 [1] CRAN (R 4.0.0)                    
 Biobase          2.48.0   2020-04-27 [1] Bioconductor                      
 BiocGenerics     0.34.0   2020-04-27 [1] Bioconductor                      
 bit              1.1-15.2 2020-02-10 [1] CRAN (R 4.0.0)                    
 bit64            0.9-7    2017-05-08 [1] CRAN (R 4.0.0)                    
 blob             1.2.1    2020-01-20 [1] CRAN (R 4.0.0)                    
 checkmate        2.0.0    2020-02-06 [1] CRAN (R 4.0.2)                    
 cli              2.0.2    2020-02-28 [1] CRAN (R 4.0.0)                    
 cluster          2.1.0    2019-06-19 [2] CRAN (R 4.0.2)                    
 codetools        0.2-16   2018-12-24 [2] CRAN (R 4.0.2)                    
 colorspace       1.4-1    2019-03-18 [1] CRAN (R 4.0.0)                    
 crayon           1.3.4    2017-09-16 [1] CRAN (R 4.0.0)                    
 data.table       1.12.8   2019-12-09 [1] CRAN (R 4.0.0)                    
 DBI              1.1.0    2019-12-15 [1] CRAN (R 4.0.0)                    
 digest           0.6.25   2020-02-23 [1] CRAN (R 4.0.0)                    
 doParallel       1.0.15   2019-08-02 [1] CRAN (R 4.0.2)                    
 dplyr          * 1.0.0    2020-05-29 [1] CRAN (R 4.0.0)                    
 dynamicTreeCut * 1.63-1   2016-03-11 [1] CRAN (R 4.0.0)                    
 EconGeo        * 1.3      2020-07-14 [1] Github (paballand/EconGeo@47b698b)
 ellipsis         0.3.1    2020-05-15 [1] CRAN (R 4.0.0)                    
 evaluate         0.14     2019-05-28 [1] CRAN (R 4.0.0)                    
 fansi            0.4.1    2020-01-08 [1] CRAN (R 4.0.0)                    
 fastcluster    * 1.1.25   2018-06-07 [1] CRAN (R 4.0.0)                    
 foreach          1.5.0    2020-03-30 [1] CRAN (R 4.0.2)                    
 foreign          0.8-80   2020-05-24 [2] CRAN (R 4.0.2)                    
 Formula          1.2-3    2018-05-03 [1] CRAN (R 4.0.0)                    
 generics         0.0.2    2018-11-29 [1] CRAN (R 4.0.0)                    
 ggplot2          3.3.2    2020-06-19 [1] CRAN (R 4.0.2)                    
 glue             1.4.1    2020-05-13 [1] CRAN (R 4.0.0)                    
 GO.db            3.11.4   2020-07-14 [1] Bioconductor                      
 gridExtra        2.3      2017-09-09 [1] CRAN (R 4.0.2)                    
 gtable           0.3.0    2019-03-25 [1] CRAN (R 4.0.0)                    
 Hmisc            4.4-0    2020-03-23 [1] CRAN (R 4.0.2)                    
 hms              0.5.3    2020-01-08 [1] CRAN (R 4.0.0)                    
 htmlTable        2.0.1    2020-07-05 [1] CRAN (R 4.0.2)                    
 htmltools        0.5.0    2020-06-16 [1] CRAN (R 4.0.2)                    
 htmlwidgets      1.5.1    2019-10-08 [1] CRAN (R 4.0.2)                    
 httr             1.4.1    2019-08-05 [1] CRAN (R 4.0.0)                    
 impute           1.62.0   2020-04-27 [1] Bioconductor                      
 IRanges          2.22.2   2020-05-21 [1] Bioconductor                      
 iterators        1.0.12   2019-07-26 [1] CRAN (R 4.0.2)                    
 jpeg             0.1-8.1  2019-10-24 [1] CRAN (R 4.0.0)                    
 kableExtra     * 1.1.0    2019-03-16 [1] CRAN (R 4.0.2)                    
 knitr          * 1.29     2020-06-23 [1] CRAN (R 4.0.2)                    
 lattice          0.20-41  2020-04-02 [2] CRAN (R 4.0.2)                    
 latticeExtra     0.6-29   2019-12-19 [1] CRAN (R 4.0.2)                    
 lfe            * 2.8-5.1  2020-07-08 [1] CRAN (R 4.0.2)                    
 lifecycle        0.2.0    2020-03-06 [1] CRAN (R 4.0.0)                    
 magrittr         1.5      2014-11-22 [1] CRAN (R 4.0.0)                    
 Matrix         * 1.2-18   2019-11-27 [2] CRAN (R 4.0.2)                    
 matrixStats      0.56.0   2020-03-13 [1] CRAN (R 4.0.2)                    
 memoise          1.1.0    2017-04-21 [1] CRAN (R 4.0.2)                    
 munsell          0.5.0    2018-06-12 [1] CRAN (R 4.0.0)                    
 nnet             7.3-14   2020-04-26 [2] CRAN (R 4.0.2)                    
 pillar           1.4.6    2020-07-10 [1] CRAN (R 4.0.0)                    
 pkgconfig        2.0.3    2019-09-22 [1] CRAN (R 4.0.0)                    
 plyr             1.8.6    2020-03-03 [1] CRAN (R 4.0.0)                    
 png              0.1-7    2013-12-03 [1] CRAN (R 4.0.0)                    
 preprocessCore   1.50.0   2020-04-27 [1] Bioconductor                      
 purrr          * 0.3.4    2020-04-17 [1] CRAN (R 4.0.0)                    
 R6               2.4.1    2019-11-12 [1] CRAN (R 4.0.0)                    
 RColorBrewer     1.1-2    2014-12-07 [1] CRAN (R 4.0.0)                    
 Rcpp             1.0.5    2020-07-06 [1] CRAN (R 4.0.2)                    
 readr          * 1.3.1    2018-12-21 [1] CRAN (R 4.0.0)                    
 reshape2       * 1.4.4    2020-04-09 [1] CRAN (R 4.0.0)                    
 rlang            0.4.6    2020-05-02 [1] CRAN (R 4.0.2)                    
 rmarkdown        2.3      2020-06-18 [1] CRAN (R 4.0.2)                    
 rpart            4.1-15   2019-04-12 [2] CRAN (R 4.0.2)                    
 RSQLite          2.2.0    2020-01-07 [1] CRAN (R 4.0.2)                    
 rstudioapi       0.11     2020-02-07 [1] CRAN (R 4.0.0)                    
 rvest            0.3.5    2019-11-08 [1] CRAN (R 4.0.0)                    
 S4Vectors        0.26.1   2020-05-16 [1] Bioconductor                      
 sandwich         2.5-1    2019-04-06 [1] CRAN (R 4.0.2)                    
 scales           1.1.1    2020-05-11 [1] CRAN (R 4.0.0)                    
 sessioninfo      1.1.1    2018-11-05 [1] CRAN (R 4.0.0)                    
 stargazer      * 5.2.2    2018-05-30 [1] CRAN (R 4.0.0)                    
 stringi          1.4.6    2020-02-17 [1] CRAN (R 4.0.0)                    
 stringr          1.4.0    2019-02-10 [1] CRAN (R 4.0.0)                    
 survival         3.1-12   2020-04-10 [2] CRAN (R 4.0.2)                    
 tibble           3.0.2    2020-07-07 [1] CRAN (R 4.0.2)                    
 tidyr          * 1.1.0    2020-05-20 [1] CRAN (R 4.0.0)                    
 tidyselect       1.1.0    2020-05-11 [1] CRAN (R 4.0.0)                    
 vctrs            0.3.1    2020-06-05 [1] CRAN (R 4.0.2)                    
 viridisLite      0.3.0    2018-02-01 [1] CRAN (R 4.0.0)                    
 webshot          0.5.2    2019-11-22 [1] CRAN (R 4.0.2)                    
 WGCNA          * 1.69     2020-02-28 [1] CRAN (R 4.0.2)                    
 withr            2.2.0    2020-04-20 [1] CRAN (R 4.0.0)                    
 xfun             0.15     2020-06-21 [1] CRAN (R 4.0.2)                    
 xml2             1.3.2    2020-04-23 [1] CRAN (R 4.0.0)                    
 xtable           1.8-4    2019-04-21 [1] CRAN (R 4.0.2)                    
 zoo              1.8-8    2020-05-02 [1] CRAN (R 4.0.2)                    

[1] C:/Users/Ben.Davies/Documents/R/win-library/4.0
[2] C:/Program Files/R/R-4.0.2/library
